# JRE version: OpenJDK Runtime Environment Microsoft-8035246 (17.0.8+7) (build 17.0.8+7-LTS)
# Java VM: OpenJDK 64-Bit Server VM Microsoft-8035246 (17.0.8+7-LTS, mixed mode, sharing, tiered, compressed oops, compressed class ptrs, g1 gc, windows-amd64)
GC Precious Log:
 CPUs: 4 total, 4 available
 Memory: 8064M
 Large Page Support: Disabled
 NUMA Support: Disabled
 Compressed Oops: Enabled (32-bit)
 Heap Region Size: 1M
 Heap Min Capacity: 8M
 Heap Initial Capacity: 128M
 Heap Max Capacity: 2G
 Pre-touch: Disabled
 Parallel Workers: 4
 Concurrent Workers: 1
 Concurrent Refinement Workers: 4
 Periodic GC: Disabled
Heap:
 garbage-first heap   total 254976K, used 204553K [0x0000000080000000, 0x0000000100000000)
  region size 1024K, 10 young (10240K), 4 survivors (4096K)
 Metaspace       used 107135K, committed 108224K, reserved 557056K
  class space    used 14804K, committed 15360K, reserved 425984K
GC Heap History (20 events):
Event: 147.473 GC heap before
{Heap before GC invocations=73 (full 0):
 garbage-first heap   total 211968K, used 181209K [0x0000000080000000, 0x0000000100000000)
  region size 1024K, 24 young (24576K), 4 survivors (4096K)
 Metaspace       used 98538K, committed 99584K, reserved 557056K
  class space    used 13768K, committed 14272K, reserved 425984K
}
Event: 147.487 GC heap after
{Heap after GC invocations=74 (full 0):
 garbage-first heap   total 254976K, used 163664K [0x0000000080000000, 0x0000000100000000)
  region size 1024K, 3 young (3072K), 3 survivors (3072K)
 Metaspace       used 98538K, committed 99584K, reserved 557056K
  class space    used 13768K, committed 14272K, reserved 425984K
}
Event: 150.413 GC heap before
{Heap before GC invocations=74 (full 0):
 garbage-first heap   total 254976K, used 209744K [0x0000000080000000, 0x0000000100000000)
  region size 1024K, 48 young (49152K), 3 survivors (3072K)
 Metaspace       used 99255K, committed 100288K, reserved 557056K
  class space    used 13850K, committed 14336K, reserved 425984K
}
Event: 150.430 GC heap after
{Heap after GC invocations=75 (full 0):
 garbage-first heap   total 254976K, used 173972K [0x0000000080000000, 0x0000000100000000)
  region size 1024K, 6 young (6144K), 6 survivors (6144K)
 Metaspace       used 99255K, committed 100288K, reserved 557056K
  class space    used 13850K, committed 14336K, reserved 425984K
}
Event: 152.683 GC heap before
{Heap before GC invocations=75 (full 0):
 garbage-first heap   total 254976K, used 210836K [0x0000000080000000, 0x0000000100000000)
  region size 1024K, 42 young (43008K), 6 survivors (6144K)
 Metaspace       used 102402K, committed 103488K, reserved 557056K
  class space    used 14319K, committed 14848K, reserved 425984K
}
Event: 152.699 GC heap after
{Heap after GC invocations=76 (full 0):
 garbage-first heap   total 254976K, used 176675K [0x0000000080000000, 0x0000000100000000)
  region size 1024K, 2 young (2048K), 2 survivors (2048K)
 Metaspace       used 102402K, committed 103488K, reserved 557056K
  class space    used 14319K, committed 14848K, reserved 425984K
}
Event: 155.391 GC heap before
{Heap before GC invocations=76 (full 0):
 garbage-first heap   total 254976K, used 213539K [0x0000000080000000, 0x0000000100000000)
  region size 1024K, 38 young (38912K), 2 survivors (2048K)
 Metaspace       used 103538K, committed 104640K, reserved 557056K
  class space    used 14449K, committed 14976K, reserved 425984K
}
Event: 155.408 GC heap after
{Heap after GC invocations=77 (full 0):
 garbage-first heap   total 254976K, used 182272K [0x0000000080000000, 0x0000000100000000)
  region size 1024K, 5 young (5120K), 5 survivors (5120K)
 Metaspace       used 103538K, committed 104640K, reserved 557056K
  class space    used 14449K, committed 14976K, reserved 425984K
}
Event: 156.796 GC heap before
{Heap before GC invocations=77 (full 0):
 garbage-first heap   total 254976K, used 215040K [0x0000000080000000, 0x0000000100000000)
  region size 1024K, 37 young (37888K), 5 survivors (5120K)
 Metaspace       used 103762K, committed 104832K, reserved 557056K
  class space    used 14460K, committed 14976K, reserved 425984K
}
Event: 156.813 GC heap after
{Heap after GC invocations=78 (full 0):
 garbage-first heap   total 254976K, used 185822K [0x0000000080000000, 0x0000000100000000)
  region size 1024K, 4 young (4096K), 4 survivors (4096K)
 Metaspace       used 103762K, committed 104832K, reserved 557056K
  class space    used 14460K, committed 14976K, reserved 425984K
}
Event: 158.312 GC heap before
{Heap before GC invocations=78 (full 0):
 garbage-first heap   total 254976K, used 215518K [0x0000000080000000, 0x0000000100000000)
  region size 1024K, 33 young (33792K), 4 survivors (4096K)
 Metaspace       used 103988K, committed 105024K, reserved 557056K
  class space    used 14478K, committed 14976K, reserved 425984K
}
Event: 158.326 GC heap after
{Heap after GC invocations=79 (full 0):
 garbage-first heap   total 254976K, used 189704K [0x0000000080000000, 0x0000000100000000)
  region size 1024K, 4 young (4096K), 4 survivors (4096K)
 Metaspace       used 103988K, committed 105024K, reserved 557056K
  class space    used 14478K, committed 14976K, reserved 425984K
}
Event: 159.911 GC heap before
{Heap before GC invocations=79 (full 0):
 garbage-first heap   total 254976K, used 221448K [0x0000000080000000, 0x0000000100000000)
  region size 1024K, 31 young (31744K), 4 survivors (4096K)
 Metaspace       used 106122K, committed 107264K, reserved 557056K
  class space    used 14674K, committed 15232K, reserved 425984K
}
Event: 159.926 GC heap after
{Heap after GC invocations=80 (full 0):
 garbage-first heap   total 254976K, used 194016K [0x0000000080000000, 0x0000000100000000)
  region size 1024K, 4 young (4096K), 4 survivors (4096K)
 Metaspace       used 106122K, committed 107264K, reserved 557056K
  class space    used 14674K, committed 15232K, reserved 425984K
}
Event: 161.024 GC heap before
{Heap before GC invocations=80 (full 0):
 garbage-first heap   total 254976K, used 217568K [0x0000000080000000, 0x0000000100000000)
  region size 1024K, 28 young (28672K), 4 survivors (4096K)
 Metaspace       used 106493K, committed 107648K, reserved 557056K
  class space    used 14713K, committed 15296K, reserved 425984K
}
Event: 161.033 GC heap after
{Heap after GC invocations=81 (full 0):
 garbage-first heap   total 254976K, used 195280K [0x0000000080000000, 0x0000000100000000)
  region size 1024K, 2 young (2048K), 2 survivors (2048K)
 Metaspace       used 106493K, committed 107648K, reserved 557056K
  class space    used 14713K, committed 15296K, reserved 425984K
}
Event: 161.900 GC heap before
{Heap before GC invocations=81 (full 0):
 garbage-first heap   total 254976K, used 217808K [0x0000000080000000, 0x0000000100000000)
  region size 1024K, 25 young (25600K), 2 survivors (2048K)
 Metaspace       used 106799K, committed 107904K, reserved 557056K
  class space    used 14757K, committed 15296K, reserved 425984K
}
Event: 161.907 GC heap after
{Heap after GC invocations=82 (full 0):
 garbage-first heap   total 254976K, used 195888K [0x0000000080000000, 0x0000000100000000)
  region size 1024K, 2 young (2048K), 2 survivors (2048K)
 Metaspace       used 106799K, committed 107904K, reserved 557056K
  class space    used 14757K, committed 15296K, reserved 425984K
}
Event: 162.946 GC heap before
{Heap before GC invocations=82 (full 0):
 garbage-first heap   total 254976K, used 220464K [0x0000000080000000, 0x0000000100000000)
  region size 1024K, 27 young (27648K), 2 survivors (2048K)
 Metaspace       used 107135K, committed 108224K, reserved 557056K
  class space    used 14804K, committed 15360K, reserved 425984K
}
Event: 162.963 GC heap after
{Heap after GC invocations=83 (full 0):
 garbage-first heap   total 254976K, used 199433K [0x0000000080000000, 0x0000000100000000)
  region size 1024K, 4 young (4096K), 4 survivors (4096K)
 Metaspace       used 107135K, committed 108224K, reserved 557056K
  class space    used 14804K, committed 15360K, reserved 425984K
}

